Arguments: 
  C:\Program Files\nodejs\node.exe C:\Users\Afzal-Khan\AppData\Roaming\npm\node_modules\yarn\bin\yarn.js add react-navigation

PATH: 
  C:\Program Files (x86)\Common Files\Oracle\Java\javapath;C:\Windows\system32;C:\Windows;C:\Windows\System32\Wbem;C:\Windows\System32\WindowsPowerShell\v1.0\;C:\Program Files\Common Files\Autodesk Shared\;C:\Program Files\Git\cmd;C:\Program Files (x86)\MySQL\MySQL Server 5.1\bin;C:\Program Files\nodejs\;;C:\Users\Afzal-Khan\AppData\Local\Programs\Microsoft VS Code\bin;C:\Users\Afzal-Khan\AppData\Roaming\npm

Yarn version: 
  1.12.3

Node version: 
  10.11.0

Platform: 
  win32 x64

Trace: 
  Error: getaddrinfo ENOTFOUND github.com github.com:443
      at GetAddrInfoReqWrap.onlookup [as oncomplete] (dns.js:57:26)

npm manifest: 
  {
    "name": "empty-project-template",
    "main": "node_modules/expo/AppEntry.js",
    "private": true,
    "scripts": {
      "start": "expo start",
      "android": "expo start --android",
      "ios": "expo start --ios",
      "eject": "expo eject"
    },
    "dependencies": {
      "expo": "^31.0.2",
      "react": "16.5.0",
      "react-native": "https://github.com/expo/react-native/archive/sdk-31.0.0.tar.gz"
    },
    "devDependencies": {
      "babel-preset-expo": "^5.0.0"
    }
  }

yarn manifest: 
  No manifest

Lockfile: 
  No lockfile
